[INFO] Scanning for projects...
[INFO] 
[INFO] ----------------------< com.grupoperuana:sistema >----------------------
[INFO] Building sistema 0.0.1-SNAPSHOT
[INFO]   from pom.xml
[INFO] --------------------------------[ war ]---------------------------------
[INFO] 
[INFO] --- clean:3.3.2:clean (default-clean) @ sistema ---
[INFO] Deleting C:\Users\Joseph\Downloads\src\target
[INFO] 
[INFO] --- resources:3.3.1:resources (default-resources) @ sistema ---
[INFO] Copying 1 resource from src\main\resources to target\classes
[INFO] Copying 0 resource from src\main\resources to target\classes
[INFO] 
[INFO] --- compiler:3.11.0:compile (default-compile) @ sistema ---
[INFO] Changes detected - recompiling the module! :source
[INFO] Compiling 13 source files with javac [debug release 17] to target\classes
[INFO] -------------------------------------------------------------
[ERROR] COMPILATION ERROR : 
[INFO] -------------------------------------------------------------
[ERROR] /C:/Users/Joseph/Downloads/src/src/main/java/com/grupoperuana/sistema/listeners/AppListener.java:[8,25] package com.mysql.cj.jdbc does not exist
[ERROR] /C:/Users/Joseph/Downloads/src/src/main/java/com/grupoperuana/sistema/SistemaApplication.java:[11,57] cannot find symbol
  symbol:   variable java
  location: class com.grupoperuana.sistema.SistemaApplication
[ERROR] /C:/Users/Joseph/Downloads/src/src/main/java/com/grupoperuana/sistema/listeners/AppListener.java:[190,13] cannot find symbol
  symbol:   variable AbandonedConnectionCleanupThread
  location: class com.grupoperuana.sistema.listeners.AppListener
[INFO] 3 errors 
[INFO] -------------------------------------------------------------
[INFO] ------------------------------------------------------------------------
[INFO] BUILD FAILURE
[INFO] ------------------------------------------------------------------------
[INFO] Total time:  2.529 s
[INFO] Finished at: 2025-11-29T12:24:20-05:00
[INFO] ------------------------------------------------------------------------
[ERROR] Failed to execute goal org.apache.maven.plugins:maven-compiler-plugin:3.11.0:compile (default-compile) on project sistema: Compilation failure: Compilation failure: 
[ERROR] /C:/Users/Joseph/Downloads/src/src/main/java/com/grupoperuana/sistema/listeners/AppListener.java:[8,25] package com.mysql.cj.jdbc does not exist
[ERROR] /C:/Users/Joseph/Downloads/src/src/main/java/com/grupoperuana/sistema/SistemaApplication.java:[11,57] cannot find symbol
[ERROR]   symbol:   variable java
[ERROR]   location: class com.grupoperuana.sistema.SistemaApplication
[ERROR] /C:/Users/Joseph/Downloads/src/src/main/java/com/grupoperuana/sistema/listeners/AppListener.java:[190,13] cannot find symbol
[ERROR]   symbol:   variable AbandonedConnectionCleanupThread
[ERROR]   location: class com.grupoperuana.sistema.listeners.AppListener
[ERROR] -> [Help 1]
[ERROR] 
[ERROR] To see the full stack trace of the errors, re-run Maven with the -e switch.
[ERROR] Re-run Maven using the -X switch to enable full debug logging.
[ERROR] 
[ERROR] For more information about the errors and possible solutions, please read the following articles:
[ERROR] [Help 1] http://cwiki.apache.org/confluence/display/MAVEN/MojoFailureException
